2.2793 	INFO 	Loaded monitor calibration from ['2024_08_23 11:51']
3.2144 	EXP 	Created window1 = Window(allowGUI=True, allowStencil=False, autoLog=True, backendConf=UNKNOWN, backgroundFit=<method-wrapper '__getattribute__' of attributeSetter object at 0x000002550E23ABF0>, backgroundImage=<method-wrapper '__getattribute__' of attributeSetter object at 0x000002550E23AB90>, bitsMode=UNKNOWN, blendMode='avg', bpc=(8, 8, 8), color=array([0, 0, 0]), colorSpace='rgb', depthBits=8, fullscr=<method-wrapper '__getattribute__' of attributeSetter object at 0x000002550E23A9E0>, gamma=None, gammaErrorPolicy='raise', infoMsg=UNKNOWN, lms=UNKNOWN, monitor=<psychopy.monitors.calibTools.Monitor object at 0x000002550E26C3A0>, multiSample=False, name='window1', numSamples=2, pos=[183.0, 84.0], screen=0, size=array([1000,  600]), stencilBits=0, stereo=False, title='PsychoPy', units='height', useFBO=True, useRetina=False, viewOri=0.0, viewPos=None, viewScale=None, waitBlanking=True, winType='pyglet')
3.2145 	EXP 	window1: backgroundImage = ''
3.2145 	EXP 	window1: backgroundFit = 'none'
3.2147 	EXP 	window1: mouseVisible = <method-wrapper '__getattribute__' of attributeSetter object at 0x000002550E23AD10>
3.2148 	EXP 	window1: mouseVisible = <method-wrapper '__getattribute__' of attributeSetter object at 0x000002550E23AD10>
3.2168 	EXP 	window1: mouseVisible = <method-wrapper '__getattribute__' of attributeSetter object at 0x000002550E23AD10>
3.2176 	EXP 	window1: mouseVisible = <method-wrapper '__getattribute__' of attributeSetter object at 0x000002550E23AD10>
3.2619 	EXP 	window1: mouseVisible = <method-wrapper '__getattribute__' of attributeSetter object at 0x000002550E23AD10>
3.2621 	EXP 	window1: mouseVisible = <method-wrapper '__getattribute__' of attributeSetter object at 0x000002550E23AD10>
3.2632 	EXP 	window1: mouseVisible = <method-wrapper '__getattribute__' of attributeSetter object at 0x000002550E23AD10>
3.2643 	EXP 	window1: mouseVisible = <method-wrapper '__getattribute__' of attributeSetter object at 0x000002550E23AD10>
3.2986 	EXP 	window1: Attempting to measure frame rate of screen (0) ...
3.2986 	EXP 	window1: recordFrameIntervals = False
3.4621 	EXP 	window1: recordFrameIntervals = True
3.6457 	EXP 	Screen (0) actual frame rate measured at 59.97Hz
3.6458 	EXP 	window1: recordFrameIntervals = False
3.6458 	EXP 	window1: mouseVisible = True
3.6493 	WARNING 	launchHubServer: If using the iohub mouse or eyetracker devices, fullScr should be True.
5.1232 	INFO 	keyboard.Keyboard is using iohub backend.
5.1233 	INFO 	keyboard.Keyboard is using iohub backend.
5.1233 	EXP 	1: status = STARTED
5.1235 	EXP 	window1: mouseVisible = True
5.1265 	EXP 	Created fixation = ShapeStim(__class__=<class 'psychopy.visual.shape.ShapeStim'>, anchor=('center', 'center'), autoDraw=False, autoLog=True, closeShape=True, color=method-wrapper(...), colorSpace='rgb', contrast=None, depth=-1.0, draggable=False, fillColor=array([1, 1, 1]), fillColorSpace='rgb', fillRGB=array([1, 1, 1]), interpolate=True, lineColor=array([1., 1., 1.]), lineColorSpace='rgb', lineRGB=array([1, 1, 1]), lineWidth=1.0, name='fixation', opacity=1, ori=0.0, pos=array([0., 0.]), size=array([0.1, 0.1]), units='height', vertices=ndarray(...), win=Window(...), windingRule=None)
5.1266 	EXP 	window1: mouseVisible = True
5.1296 	EXP 	Created grating = GratingStim(__class__=<class 'psychopy.visual.grating.GratingStim'>, anchor='center', autoDraw=False, autoLog=True, blendmode='avg', color=array([0.5, 0.5, 0.5]), colorSpace='rgb', contrast=0.5, depth=-2.0, draggable=False, interpolate=True, mask='gauss', maskParams=None, name='grating', opacity=1, ori=1.0, phase=array([0., 0.]), pos=array([0., 0.]), rgbPedestal=array([0., 0., 0.]), sf=array([8., 8.]), size=array([0.3, 0.3]), tex='sin', texRes=128.0, units='height', win=Window(...))
0.0152 	WARNING 	Increasing number of minimum required reversals to the number of step sizes, (4).
0.0324 	EXP 	grating: ori = 10.0
0.0324 	EXP 	fixation: autoDraw = True
0.5523 	INFO 	Keyboard events cleared
0.5520 	EXP 	grating: autoDraw = True
0.5520 	EXP 	grating: tex = 'sin'
0.5657 	EXP 	fixation: autoDraw = False
0.8660 	EXP 	grating: autoDraw = False
1.0085 	DATA 	Keypress: right
1.0163 	EXP 	fixation: autoDraw = False
1.0163 	EXP 	grating: autoDraw = False
1.0163 	EXP 	grating: ori = -8.0
1.0163 	EXP 	fixation: autoDraw = True
1.5160 	INFO 	Keyboard events cleared
1.5156 	EXP 	fixation: autoDraw = False
1.5156 	EXP 	grating: autoDraw = True
1.8159 	EXP 	grating: autoDraw = False
1.8187 	DATA 	Keypress: left
1.8325 	EXP 	fixation: autoDraw = False
1.8325 	EXP 	grating: autoDraw = False
1.8325 	EXP 	grating: ori = 6.0
1.8325 	EXP 	fixation: autoDraw = True
2.3325 	INFO 	Keyboard events cleared
2.3322 	EXP 	fixation: autoDraw = False
2.3322 	EXP 	grating: autoDraw = True
2.6321 	EXP 	grating: autoDraw = False
2.6672 	DATA 	Keypress: right
2.6821 	EXP 	fixation: autoDraw = False
2.6821 	EXP 	grating: autoDraw = False
2.6821 	EXP 	grating: ori = -4.0
2.6821 	EXP 	fixation: autoDraw = True
3.1659 	INFO 	Keyboard events cleared
3.1656 	EXP 	grating: autoDraw = True
3.1821 	EXP 	fixation: autoDraw = False
3.4339 	DATA 	Keypress: right
3.4487 	EXP 	fixation: autoDraw = False
3.4487 	EXP 	grating: autoDraw = False
3.4487 	EXP 	grating: ori = -5.0
3.4487 	EXP 	fixation: autoDraw = True
3.9491 	INFO 	Keyboard events cleared
3.9488 	EXP 	fixation: autoDraw = False
3.9488 	EXP 	grating: autoDraw = True
4.2172 	DATA 	Keypress: right
4.2320 	EXP 	fixation: autoDraw = False
4.2320 	EXP 	grating: autoDraw = False
4.2320 	EXP 	grating: ori = 6.0
4.2320 	EXP 	fixation: autoDraw = True
4.7324 	INFO 	Keyboard events cleared
4.7321 	EXP 	fixation: autoDraw = False
4.7321 	EXP 	grating: autoDraw = True
5.0320 	EXP 	grating: autoDraw = False
5.1002 	DATA 	Keypress: left
5.1154 	EXP 	fixation: autoDraw = False
5.1154 	EXP 	grating: autoDraw = False
5.1154 	EXP 	grating: ori = 7.0
5.1154 	EXP 	fixation: autoDraw = True
5.5990 	INFO 	Keyboard events cleared
5.5987 	EXP 	grating: autoDraw = True
5.6155 	EXP 	fixation: autoDraw = False
5.8988 	EXP 	grating: autoDraw = False
6.0170 	DATA 	Keypress: right
6.0320 	EXP 	fixation: autoDraw = False
6.0320 	EXP 	grating: autoDraw = False
6.0320 	EXP 	grating: ori = -7.0
6.0320 	EXP 	fixation: autoDraw = True
6.5165 	INFO 	Keyboard events cleared
6.5160 	EXP 	grating: autoDraw = True
6.5325 	EXP 	fixation: autoDraw = False
6.8155 	EXP 	grating: autoDraw = False
6.9169 	DATA 	Keypress: left
6.9319 	EXP 	fixation: autoDraw = False
6.9319 	EXP 	grating: autoDraw = False
6.9319 	EXP 	grating: ori = -7.0
6.9319 	EXP 	fixation: autoDraw = True
7.4157 	INFO 	Keyboard events cleared
7.4153 	EXP 	grating: autoDraw = True
7.4320 	EXP 	fixation: autoDraw = False
7.7153 	EXP 	grating: autoDraw = False
7.7669 	DATA 	Keypress: left
7.7819 	EXP 	fixation: autoDraw = False
7.7819 	EXP 	grating: autoDraw = False
7.7819 	EXP 	grating: ori = -6.0
7.7819 	EXP 	fixation: autoDraw = True
8.2667 	INFO 	Keyboard events cleared
8.2661 	EXP 	grating: autoDraw = True
8.2823 	EXP 	fixation: autoDraw = False
8.5651 	EXP 	grating: autoDraw = False
8.6002 	DATA 	Keypress: left
8.6151 	EXP 	fixation: autoDraw = False
8.6151 	EXP 	grating: autoDraw = False
8.6151 	EXP 	grating: ori = -6.0
8.6151 	EXP 	fixation: autoDraw = True
9.0988 	INFO 	Keyboard events cleared
9.0985 	EXP 	grating: autoDraw = True
9.1152 	EXP 	fixation: autoDraw = False
9.3984 	EXP 	grating: autoDraw = False
9.4833 	DATA 	Keypress: left
9.4984 	EXP 	fixation: autoDraw = False
9.4984 	EXP 	grating: autoDraw = False
9.4984 	EXP 	grating: ori = 6.0
9.4984 	EXP 	fixation: autoDraw = True
9.9824 	INFO 	Keyboard events cleared
9.9821 	EXP 	grating: autoDraw = True
9.9985 	EXP 	fixation: autoDraw = False
10.2817 	EXP 	grating: autoDraw = False
10.3671 	DATA 	Keypress: right
10.3819 	EXP 	fixation: autoDraw = False
10.3819 	EXP 	grating: autoDraw = False
10.3819 	EXP 	grating: ori = -5.0
10.3819 	EXP 	fixation: autoDraw = True
10.8821 	INFO 	Keyboard events cleared
10.8818 	EXP 	fixation: autoDraw = False
10.8818 	EXP 	grating: autoDraw = True
11.0852 	DATA 	Keypress: left
11.0988 	EXP 	fixation: autoDraw = False
11.0988 	EXP 	grating: autoDraw = False
11.0988 	EXP 	grating: ori = 5.0
11.0988 	EXP 	fixation: autoDraw = True
11.4663 	DATA 	Keypress: right
11.5988 	INFO 	Keyboard events cleared
11.5985 	EXP 	fixation: autoDraw = False
11.5985 	EXP 	grating: autoDraw = True
11.8501 	DATA 	Keypress: left
11.8650 	EXP 	fixation: autoDraw = False
11.8650 	EXP 	grating: autoDraw = False
11.8650 	EXP 	grating: ori = 5.5
11.8650 	EXP 	fixation: autoDraw = True
12.2530 	DATA 	Keypress: left
12.3496 	INFO 	Keyboard events cleared
12.3491 	EXP 	grating: autoDraw = True
12.3659 	EXP 	fixation: autoDraw = False
12.6483 	EXP 	grating: autoDraw = False
12.7998 	DATA 	Keypress: right
12.8149 	EXP 	fixation: autoDraw = False
12.8149 	EXP 	grating: autoDraw = False
12.8149 	EXP 	grating: ori = 5.5
12.8149 	EXP 	fixation: autoDraw = True
13.2995 	INFO 	Keyboard events cleared
13.2989 	EXP 	grating: autoDraw = True
13.3153 	EXP 	fixation: autoDraw = False
13.5984 	EXP 	grating: autoDraw = False
13.6332 	DATA 	Keypress: left
13.6481 	EXP 	fixation: autoDraw = False
13.6481 	EXP 	grating: autoDraw = False
13.6481 	EXP 	grating: ori = 6.0
13.6481 	EXP 	fixation: autoDraw = True
14.1320 	INFO 	Keyboard events cleared
14.1316 	EXP 	grating: autoDraw = True
14.1482 	EXP 	fixation: autoDraw = False
14.3833 	DATA 	Keypress: left
14.3982 	EXP 	fixation: autoDraw = False
14.3982 	EXP 	grating: autoDraw = False
14.3982 	EXP 	grating: ori = -6.5
14.3982 	EXP 	fixation: autoDraw = True
14.8819 	INFO 	Keyboard events cleared
14.8816 	EXP 	grating: autoDraw = True
14.8982 	EXP 	fixation: autoDraw = False
15.1668 	DATA 	Keypress: right
15.1813 	EXP 	grating: autoDraw = False
15.1813 	EXP 	fixation: autoDraw = False
15.1813 	EXP 	grating: autoDraw = False
15.1813 	EXP 	grating: ori = 7.0
15.1813 	EXP 	fixation: autoDraw = True
15.6652 	INFO 	Keyboard events cleared
15.6649 	EXP 	grating: autoDraw = True
15.6815 	EXP 	fixation: autoDraw = False
15.9647 	EXP 	grating: autoDraw = False
15.9997 	DATA 	Keypress: right
16.0148 	EXP 	fixation: autoDraw = False
16.0148 	EXP 	grating: autoDraw = False
16.0148 	EXP 	grating: ori = -7.0
16.0148 	EXP 	fixation: autoDraw = True
16.4985 	INFO 	Keyboard events cleared
16.4982 	EXP 	grating: autoDraw = True
16.5148 	EXP 	fixation: autoDraw = False
16.7833 	DATA 	Keypress: left
16.7981 	EXP 	grating: autoDraw = False
16.7981 	EXP 	fixation: autoDraw = False
16.7981 	EXP 	grating: autoDraw = False
16.7981 	EXP 	grating: ori = 7.0
16.7981 	EXP 	fixation: autoDraw = True
17.2984 	INFO 	Keyboard events cleared
17.2980 	EXP 	fixation: autoDraw = False
17.2980 	EXP 	grating: autoDraw = True
17.5980 	EXP 	grating: autoDraw = False
17.7524 	DATA 	Keypress: right
17.7658 	EXP 	fixation: autoDraw = False
17.7658 	EXP 	grating: autoDraw = False
17.7658 	EXP 	grating: ori = -6.5
17.7658 	EXP 	fixation: autoDraw = True
18.2652 	INFO 	Keyboard events cleared
18.2648 	EXP 	grating: autoDraw = True
18.2813 	EXP 	fixation: autoDraw = False
18.5646 	EXP 	grating: autoDraw = False
18.7162 	DATA 	Keypress: left
18.7312 	EXP 	fixation: autoDraw = False
18.7312 	EXP 	grating: autoDraw = False
18.7312 	EXP 	grating: ori = -6.5
18.7312 	EXP 	fixation: autoDraw = True
19.2150 	INFO 	Keyboard events cleared
19.2147 	EXP 	grating: autoDraw = True
19.2312 	EXP 	fixation: autoDraw = False
19.4996 	DATA 	Keypress: right
19.5145 	EXP 	grating: autoDraw = False
19.5145 	EXP 	fixation: autoDraw = False
19.5145 	EXP 	grating: autoDraw = False
19.5145 	EXP 	grating: ori = -7.0
19.5145 	EXP 	fixation: autoDraw = True
20.0148 	INFO 	Keyboard events cleared
20.0145 	EXP 	fixation: autoDraw = False
20.0145 	EXP 	grating: autoDraw = True
20.3144 	EXP 	grating: autoDraw = False
20.3329 	DATA 	Keypress: right
20.3477 	EXP 	fixation: autoDraw = False
20.3477 	EXP 	grating: autoDraw = False
20.3477 	EXP 	grating: ori = -7.5
20.3477 	EXP 	fixation: autoDraw = True
20.8342 	INFO 	Keyboard events cleared
20.8332 	EXP 	grating: autoDraw = True
20.8483 	EXP 	fixation: autoDraw = False
21.1477 	EXP 	grating: autoDraw = False
21.3495 	DATA 	Keypress: left
21.3644 	EXP 	fixation: autoDraw = False
21.3644 	EXP 	grating: autoDraw = False
21.3644 	EXP 	grating: ori = -7.5
21.3644 	EXP 	fixation: autoDraw = True
21.8481 	INFO 	Keyboard events cleared
21.8478 	EXP 	grating: autoDraw = True
21.8645 	EXP 	fixation: autoDraw = False
22.1477 	EXP 	grating: autoDraw = False
22.2025 	DATA 	Keypress: right
22.2149 	EXP 	fixation: autoDraw = False
22.2149 	EXP 	grating: autoDraw = False
22.2149 	EXP 	grating: ori = 8.0
22.2149 	EXP 	fixation: autoDraw = True
22.7147 	INFO 	Keyboard events cleared
22.7144 	EXP 	fixation: autoDraw = False
22.7144 	EXP 	grating: autoDraw = True
22.9993 	DATA 	Keypress: left
23.0144 	EXP 	grating: autoDraw = False
23.0144 	EXP 	fixation: autoDraw = False
23.0144 	EXP 	grating: autoDraw = False
23.0144 	EXP 	grating: ori = 8.5
23.0144 	EXP 	fixation: autoDraw = True
23.4990 	INFO 	Keyboard events cleared
23.4985 	EXP 	grating: autoDraw = True
23.5150 	EXP 	fixation: autoDraw = False
23.7981 	EXP 	grating: autoDraw = False
23.9326 	DATA 	Keypress: left
23.9475 	EXP 	fixation: autoDraw = False
23.9475 	EXP 	grating: autoDraw = False
23.9475 	EXP 	grating: ori = -9.0
23.9475 	EXP 	fixation: autoDraw = True
24.4313 	INFO 	Keyboard events cleared
24.4310 	EXP 	grating: autoDraw = True
24.4476 	EXP 	fixation: autoDraw = False
24.7309 	EXP 	grating: autoDraw = False
24.8657 	DATA 	Keypress: left
24.8809 	EXP 	fixation: autoDraw = False
24.8809 	EXP 	grating: autoDraw = False
24.8809 	EXP 	grating: ori = 9.0
24.8809 	EXP 	fixation: autoDraw = True
25.3646 	INFO 	Keyboard events cleared
25.3642 	EXP 	grating: autoDraw = True
25.3809 	EXP 	fixation: autoDraw = False
25.6325 	DATA 	Keypress: right
25.6475 	EXP 	fixation: autoDraw = False
25.6475 	EXP 	grating: autoDraw = False
25.6475 	EXP 	grating: ori = -9.0
25.6475 	EXP 	fixation: autoDraw = True
26.1311 	INFO 	Keyboard events cleared
26.1308 	EXP 	grating: autoDraw = True
26.1475 	EXP 	fixation: autoDraw = False
26.4308 	EXP 	grating: autoDraw = False
26.4490 	DATA 	Keypress: right
26.4641 	EXP 	fixation: autoDraw = False
26.4641 	EXP 	grating: autoDraw = False
26.4641 	EXP 	grating: ori = -9.5
26.4641 	EXP 	fixation: autoDraw = True
26.9478 	INFO 	Keyboard events cleared
26.9476 	EXP 	grating: autoDraw = True
26.9641 	EXP 	fixation: autoDraw = False
27.2475 	EXP 	grating: autoDraw = False
27.5824 	DATA 	Keypress: left
27.5973 	EXP 	fixation: autoDraw = False
27.5973 	EXP 	grating: autoDraw = False
27.5973 	EXP 	grating: ori = -9.5
27.5973 	EXP 	fixation: autoDraw = True
28.0811 	INFO 	Keyboard events cleared
28.0808 	EXP 	grating: autoDraw = True
28.0975 	EXP 	fixation: autoDraw = False
28.3806 	EXP 	grating: autoDraw = False
28.4657 	DATA 	Keypress: left
28.4808 	EXP 	fixation: autoDraw = False
28.4808 	EXP 	grating: autoDraw = False
28.4808 	EXP 	grating: ori = -9.5
28.4808 	EXP 	fixation: autoDraw = True
28.9665 	INFO 	Keyboard events cleared
28.9657 	EXP 	grating: autoDraw = True
28.9827 	EXP 	fixation: autoDraw = False
29.2504 	DATA 	Keypress: right
29.2646 	EXP 	fixation: autoDraw = False
29.2646 	EXP 	grating: autoDraw = False
29.2646 	EXP 	grating: ori = 10.0
29.2646 	EXP 	fixation: autoDraw = True
29.7644 	INFO 	Keyboard events cleared
29.7640 	EXP 	fixation: autoDraw = False
29.7640 	EXP 	grating: autoDraw = True
30.0640 	EXP 	grating: autoDraw = False
30.1157 	DATA 	Keypress: left
30.1306 	EXP 	fixation: autoDraw = False
30.1306 	EXP 	grating: autoDraw = False
30.1306 	EXP 	grating: ori = -10.5
30.1306 	EXP 	fixation: autoDraw = True
30.6309 	INFO 	Keyboard events cleared
30.6306 	EXP 	fixation: autoDraw = False
30.6306 	EXP 	grating: autoDraw = True
30.9305 	EXP 	grating: autoDraw = False
30.9989 	DATA 	Keypress: left
31.0139 	EXP 	fixation: autoDraw = False
31.0139 	EXP 	grating: autoDraw = False
31.0139 	EXP 	grating: ori = -10.5
31.0139 	EXP 	fixation: autoDraw = True
31.4975 	INFO 	Keyboard events cleared
31.4972 	EXP 	grating: autoDraw = True
31.5138 	EXP 	fixation: autoDraw = False
31.7971 	EXP 	grating: autoDraw = False
31.9155 	DATA 	Keypress: left
31.9304 	EXP 	fixation: autoDraw = False
31.9304 	EXP 	grating: autoDraw = False
31.9304 	EXP 	grating: ori = -10.5
31.9304 	EXP 	fixation: autoDraw = True
32.4309 	INFO 	Keyboard events cleared
32.4305 	EXP 	fixation: autoDraw = False
32.4305 	EXP 	grating: autoDraw = True
32.7304 	EXP 	grating: autoDraw = False
32.8654 	DATA 	Keypress: left
32.8804 	EXP 	fixation: autoDraw = False
32.8804 	EXP 	grating: autoDraw = False
32.8804 	EXP 	grating: ori = -10.0
32.8804 	EXP 	fixation: autoDraw = True
33.3641 	INFO 	Keyboard events cleared
33.3638 	EXP 	grating: autoDraw = True
33.3804 	EXP 	fixation: autoDraw = False
33.6636 	EXP 	grating: autoDraw = False
33.7987 	DATA 	Keypress: left
33.8138 	EXP 	fixation: autoDraw = False
33.8138 	EXP 	grating: autoDraw = False
33.8138 	EXP 	grating: ori = 10.0
33.8138 	EXP 	fixation: autoDraw = True
34.2974 	INFO 	Keyboard events cleared
34.2971 	EXP 	grating: autoDraw = True
34.3138 	EXP 	fixation: autoDraw = False
34.5979 	EXP 	grating: autoDraw = False
34.7332 	DATA 	Keypress: right
34.7645 	EXP 	fixation: autoDraw = False
34.7645 	EXP 	grating: autoDraw = False
34.7645 	EXP 	grating: ori = -10.0
34.7645 	EXP 	fixation: autoDraw = True
35.2640 	INFO 	Keyboard events cleared
35.2637 	EXP 	fixation: autoDraw = False
35.2637 	EXP 	grating: autoDraw = True
35.5636 	EXP 	grating: autoDraw = False
35.6154 	DATA 	Keypress: left
35.6302 	EXP 	fixation: autoDraw = False
35.6302 	EXP 	grating: autoDraw = False
35.6302 	EXP 	grating: ori = 9.5
35.6302 	EXP 	fixation: autoDraw = True
36.1140 	INFO 	Keyboard events cleared
36.1137 	EXP 	grating: autoDraw = True
36.1303 	EXP 	fixation: autoDraw = False
36.3820 	DATA 	Keypress: right
36.3969 	EXP 	fixation: autoDraw = False
36.3969 	EXP 	grating: autoDraw = False
36.3969 	EXP 	grating: ori = 9.5
36.3969 	EXP 	fixation: autoDraw = True
36.8972 	INFO 	Keyboard events cleared
36.8969 	EXP 	fixation: autoDraw = False
36.8969 	EXP 	grating: autoDraw = True
37.0654 	DATA 	Keypress: left
37.0802 	EXP 	fixation: autoDraw = False
37.0802 	EXP 	grating: autoDraw = False
37.0802 	EXP 	grating: ori = 10.0
37.0802 	EXP 	fixation: autoDraw = True
37.5806 	INFO 	Keyboard events cleared
37.5802 	EXP 	fixation: autoDraw = False
37.5802 	EXP 	grating: autoDraw = True
37.8801 	EXP 	grating: autoDraw = False
38.1985 	DATA 	Keypress: right
38.2135 	EXP 	fixation: autoDraw = False
38.2135 	EXP 	grating: autoDraw = False
38.2135 	EXP 	grating: ori = 10.0
38.2135 	EXP 	fixation: autoDraw = True
38.6972 	INFO 	Keyboard events cleared
38.6969 	EXP 	grating: autoDraw = True
38.7135 	EXP 	fixation: autoDraw = False
38.9968 	EXP 	grating: autoDraw = False
39.0150 	DATA 	Keypress: left
39.0300 	EXP 	fixation: autoDraw = False
39.0300 	EXP 	grating: autoDraw = False
39.0300 	EXP 	grating: ori = -10.5
39.0300 	EXP 	fixation: autoDraw = True
39.5139 	INFO 	Keyboard events cleared
39.5136 	EXP 	grating: autoDraw = True
39.5301 	EXP 	fixation: autoDraw = False
39.8133 	EXP 	grating: autoDraw = False
39.8483 	DATA 	Keypress: left
39.8637 	EXP 	fixation: autoDraw = False
39.8637 	EXP 	grating: autoDraw = False
39.8637 	EXP 	grating: ori = 10.5
39.8637 	EXP 	fixation: autoDraw = True
40.3486 	INFO 	Keyboard events cleared
40.3479 	EXP 	grating: autoDraw = True
40.3646 	EXP 	fixation: autoDraw = False
40.6634 	EXP 	grating: autoDraw = False
40.8651 	DATA 	Keypress: right
40.8799 	EXP 	fixation: autoDraw = False
40.8799 	EXP 	grating: autoDraw = False
40.8799 	EXP 	grating: ori = 10.5
40.8799 	EXP 	fixation: autoDraw = True
41.3644 	INFO 	Keyboard events cleared
41.3640 	EXP 	grating: autoDraw = True
41.3810 	EXP 	fixation: autoDraw = False
41.6633 	EXP 	grating: autoDraw = False
41.6817 	DATA 	Keypress: right
41.6966 	EXP 	fixation: autoDraw = False
41.6966 	EXP 	grating: autoDraw = False
41.6966 	EXP 	grating: ori = 10.0
41.6966 	EXP 	fixation: autoDraw = True
42.1805 	INFO 	Keyboard events cleared
42.1801 	EXP 	grating: autoDraw = True
42.1969 	EXP 	fixation: autoDraw = False
42.4801 	EXP 	grating: autoDraw = False
42.5818 	DATA 	Keypress: right
42.5966 	EXP 	fixation: autoDraw = False
42.5966 	EXP 	grating: autoDraw = False
42.5966 	EXP 	grating: ori = -10.0
42.5966 	EXP 	fixation: autoDraw = True
43.0803 	INFO 	Keyboard events cleared
43.0800 	EXP 	grating: autoDraw = True
43.0966 	EXP 	fixation: autoDraw = False
43.3798 	EXP 	grating: autoDraw = False
43.4816 	DATA 	Keypress: left
43.4966 	EXP 	fixation: autoDraw = False
43.4966 	EXP 	grating: autoDraw = False
43.4966 	EXP 	grating: ori = -10.0
43.4966 	EXP 	fixation: autoDraw = True
43.9808 	INFO 	Keyboard events cleared
43.9803 	EXP 	grating: autoDraw = True
43.9969 	EXP 	fixation: autoDraw = False
44.2796 	EXP 	grating: autoDraw = False
44.3315 	DATA 	Keypress: left
44.3464 	EXP 	fixation: autoDraw = False
44.3464 	EXP 	grating: autoDraw = False
44.3464 	EXP 	grating: ori = -9.5
44.3464 	EXP 	fixation: autoDraw = True
44.8301 	INFO 	Keyboard events cleared
44.8298 	EXP 	grating: autoDraw = True
44.8464 	EXP 	fixation: autoDraw = False
45.1298 	EXP 	grating: autoDraw = False
45.1820 	DATA 	Keypress: left
45.1969 	EXP 	fixation: autoDraw = False
45.1969 	EXP 	grating: autoDraw = False
45.1969 	EXP 	grating: ori = 9.5
45.1969 	EXP 	fixation: autoDraw = True
45.6972 	INFO 	Keyboard events cleared
45.6968 	EXP 	fixation: autoDraw = False
45.6968 	EXP 	grating: autoDraw = True
45.9963 	EXP 	grating: autoDraw = False
46.0815 	DATA 	Keypress: right
46.0963 	EXP 	fixation: autoDraw = False
46.0963 	EXP 	grating: autoDraw = False
46.0963 	EXP 	grating: ori = 9.5
46.0963 	EXP 	fixation: autoDraw = True
46.5800 	INFO 	Keyboard events cleared
46.5796 	EXP 	grating: autoDraw = True
46.5965 	EXP 	fixation: autoDraw = False
46.8795 	EXP 	grating: autoDraw = False
46.9812 	DATA 	Keypress: right
46.9962 	EXP 	fixation: autoDraw = False
46.9962 	EXP 	grating: autoDraw = False
46.9962 	EXP 	grating: ori = 9.0
46.9962 	EXP 	fixation: autoDraw = True
47.4801 	INFO 	Keyboard events cleared
47.4797 	EXP 	grating: autoDraw = True
47.4964 	EXP 	fixation: autoDraw = False
47.7796 	EXP 	grating: autoDraw = False
47.8148 	DATA 	Keypress: left
47.8296 	EXP 	fixation: autoDraw = False
47.8296 	EXP 	grating: autoDraw = False
47.8296 	EXP 	grating: ori = 9.5
47.8296 	EXP 	fixation: autoDraw = True
48.3135 	INFO 	Keyboard events cleared
48.3132 	EXP 	grating: autoDraw = True
48.3296 	EXP 	fixation: autoDraw = False
48.6129 	EXP 	grating: autoDraw = False
48.7642 	DATA 	Keypress: right
48.7795 	EXP 	fixation: autoDraw = False
48.7795 	EXP 	grating: autoDraw = False
48.7795 	EXP 	grating: ori = -9.5
48.7795 	EXP 	fixation: autoDraw = True
49.2631 	INFO 	Keyboard events cleared
49.2627 	EXP 	grating: autoDraw = True
49.2794 	EXP 	fixation: autoDraw = False
49.5630 	EXP 	grating: autoDraw = False
49.6309 	DATA 	Keypress: right
49.6460 	EXP 	fixation: autoDraw = False
49.6460 	EXP 	grating: autoDraw = False
49.6460 	EXP 	grating: ori = 10.0
49.6460 	EXP 	fixation: autoDraw = True
49.7477 	DATA 	Keypress: left
50.1300 	INFO 	Keyboard events cleared
50.1296 	EXP 	grating: autoDraw = True
50.1467 	EXP 	fixation: autoDraw = False
50.4295 	EXP 	grating: autoDraw = False
50.5651 	DATA 	Keypress: left
50.5793 	EXP 	fixation: autoDraw = False
50.5793 	EXP 	grating: autoDraw = False
50.5793 	EXP 	grating: ori = 10.5
50.5793 	EXP 	fixation: autoDraw = True
51.0800 	INFO 	Keyboard events cleared
51.0796 	EXP 	fixation: autoDraw = False
51.0796 	EXP 	grating: autoDraw = True
51.3794 	EXP 	grating: autoDraw = False
51.4646 	DATA 	Keypress: right
51.4794 	EXP 	fixation: autoDraw = False
51.4794 	EXP 	grating: autoDraw = False
51.4794 	EXP 	grating: ori = -10.5
51.4794 	EXP 	fixation: autoDraw = True
51.9797 	INFO 	Keyboard events cleared
51.9794 	EXP 	fixation: autoDraw = False
51.9794 	EXP 	grating: autoDraw = True
52.2646 	DATA 	Keypress: left
52.2796 	EXP 	grating: autoDraw = False
52.2796 	EXP 	fixation: autoDraw = False
52.2796 	EXP 	grating: autoDraw = False
52.2796 	EXP 	grating: ori = 10.5
52.2796 	EXP 	fixation: autoDraw = True
52.7632 	INFO 	Keyboard events cleared
52.7628 	EXP 	grating: autoDraw = True
52.7797 	EXP 	fixation: autoDraw = False
53.0626 	EXP 	grating: autoDraw = False
53.2311 	DATA 	Keypress: right
53.2458 	EXP 	fixation: autoDraw = False
53.2458 	EXP 	grating: autoDraw = False
53.2458 	EXP 	grating: ori = 10.0
53.2458 	EXP 	fixation: autoDraw = True
53.7298 	INFO 	Keyboard events cleared
53.7293 	EXP 	grating: autoDraw = True
53.7461 	EXP 	fixation: autoDraw = False
54.0292 	EXP 	grating: autoDraw = False
54.1145 	DATA 	Keypress: right
54.1292 	EXP 	fixation: autoDraw = False
54.1292 	EXP 	grating: autoDraw = False
54.1292 	EXP 	grating: ori = -10.0
54.1292 	EXP 	fixation: autoDraw = True
54.6296 	INFO 	Keyboard events cleared
54.6292 	EXP 	fixation: autoDraw = False
54.6292 	EXP 	grating: autoDraw = True
54.9146 	DATA 	Keypress: left
54.9294 	EXP 	grating: autoDraw = False
54.9294 	EXP 	fixation: autoDraw = False
54.9294 	EXP 	grating: autoDraw = False
54.9294 	EXP 	grating: ori = -10.0
54.9294 	EXP 	fixation: autoDraw = True
55.4297 	INFO 	Keyboard events cleared
55.4293 	EXP 	fixation: autoDraw = False
55.4293 	EXP 	grating: autoDraw = True
55.7297 	EXP 	grating: autoDraw = False
55.8184 	DATA 	Keypress: left
55.8297 	EXP 	fixation: autoDraw = False
55.8297 	EXP 	grating: autoDraw = False
55.8297 	EXP 	grating: ori = 9.5
55.8297 	EXP 	fixation: autoDraw = True
56.3308 	INFO 	Keyboard events cleared
56.3302 	EXP 	fixation: autoDraw = False
56.3302 	EXP 	grating: autoDraw = True
56.6457 	EXP 	grating: autoDraw = False
56.7146 	DATA 	Keypress: right
56.7290 	EXP 	fixation: autoDraw = False
56.7290 	EXP 	grating: autoDraw = False
56.7290 	EXP 	grating: ori = 9.5
56.7290 	EXP 	fixation: autoDraw = True
57.2295 	INFO 	Keyboard events cleared
57.2291 	EXP 	fixation: autoDraw = False
57.2291 	EXP 	grating: autoDraw = True
57.5310 	EXP 	grating: autoDraw = False
57.6474 	DATA 	Keypress: right
57.6624 	EXP 	fixation: autoDraw = False
57.6624 	EXP 	grating: autoDraw = False
57.6624 	EXP 	grating: ori = -9.5
57.6624 	EXP 	fixation: autoDraw = True
58.1626 	INFO 	Keyboard events cleared
58.1623 	EXP 	fixation: autoDraw = False
58.1623 	EXP 	grating: autoDraw = True
58.4626 	EXP 	grating: autoDraw = False
58.5143 	DATA 	Keypress: left
58.5294 	EXP 	fixation: autoDraw = False
58.5294 	EXP 	grating: autoDraw = False
58.5294 	EXP 	grating: ori = 9.0
58.5294 	EXP 	fixation: autoDraw = True
59.0127 	INFO 	Keyboard events cleared
59.0124 	EXP 	grating: autoDraw = True
59.0290 	EXP 	fixation: autoDraw = False
59.3126 	EXP 	grating: autoDraw = False
59.4144 	DATA 	Keypress: right
59.4289 	EXP 	fixation: autoDraw = False
59.4289 	EXP 	grating: autoDraw = False
59.4289 	EXP 	grating: ori = 9.0
59.4289 	EXP 	fixation: autoDraw = True
59.9293 	INFO 	Keyboard events cleared
59.9290 	EXP 	fixation: autoDraw = False
59.9290 	EXP 	grating: autoDraw = True
60.1806 	DATA 	Keypress: left
60.1956 	EXP 	fixation: autoDraw = False
60.1956 	EXP 	grating: autoDraw = False
60.1956 	EXP 	grating: ori = -9.5
60.1956 	EXP 	fixation: autoDraw = True
60.6794 	INFO 	Keyboard events cleared
60.6790 	EXP 	grating: autoDraw = True
60.6955 	EXP 	fixation: autoDraw = False
60.9787 	EXP 	grating: autoDraw = False
61.0138 	DATA 	Keypress: left
61.0287 	EXP 	fixation: autoDraw = False
61.0287 	EXP 	grating: autoDraw = False
61.0287 	EXP 	grating: ori = 9.5
61.0287 	EXP 	fixation: autoDraw = True
61.5134 	INFO 	Keyboard events cleared
61.5129 	EXP 	grating: autoDraw = True
61.5292 	EXP 	fixation: autoDraw = False
61.7810 	DATA 	Keypress: right
61.7957 	EXP 	fixation: autoDraw = False
61.7957 	EXP 	grating: autoDraw = False
61.7957 	EXP 	grating: ori = 9.5
61.7957 	EXP 	fixation: autoDraw = True
62.2959 	INFO 	Keyboard events cleared
62.2955 	EXP 	fixation: autoDraw = False
62.2955 	EXP 	grating: autoDraw = True
62.5954 	EXP 	grating: autoDraw = False
62.7139 	DATA 	Keypress: right
62.7288 	EXP 	fixation: autoDraw = False
62.7288 	EXP 	grating: autoDraw = False
62.7288 	EXP 	grating: ori = 9.0
62.7288 	EXP 	fixation: autoDraw = True
63.2126 	INFO 	Keyboard events cleared
63.2123 	EXP 	grating: autoDraw = True
63.2288 	EXP 	fixation: autoDraw = False
63.5121 	EXP 	grating: autoDraw = False
63.5800 	DATA 	Keypress: right
63.6120 	EXP 	fixation: autoDraw = False
63.6120 	EXP 	grating: autoDraw = False
63.6120 	EXP 	grating: ori = 9.0
63.6120 	EXP 	fixation: autoDraw = True
64.0957 	INFO 	Keyboard events cleared
64.0953 	EXP 	grating: autoDraw = True
64.1121 	EXP 	fixation: autoDraw = False
64.3953 	EXP 	grating: autoDraw = False
64.5805 	DATA 	Keypress: right
64.5952 	EXP 	fixation: autoDraw = False
64.5952 	EXP 	grating: autoDraw = False
64.5952 	EXP 	grating: ori = -9.0
64.5952 	EXP 	fixation: autoDraw = True
65.0793 	INFO 	Keyboard events cleared
65.0790 	EXP 	grating: autoDraw = True
65.0952 	EXP 	fixation: autoDraw = False
65.3471 	DATA 	Keypress: left
65.3618 	EXP 	fixation: autoDraw = False
65.3618 	EXP 	grating: autoDraw = False
65.3618 	EXP 	grating: ori = -8.5
65.3618 	EXP 	fixation: autoDraw = True
65.8622 	INFO 	Keyboard events cleared
65.8618 	EXP 	fixation: autoDraw = False
65.8618 	EXP 	grating: autoDraw = True
66.1309 	DATA 	Keypress: left
66.1457 	EXP 	fixation: autoDraw = False
66.1457 	EXP 	grating: autoDraw = False
66.1457 	EXP 	grating: ori = -8.5
66.1457 	EXP 	fixation: autoDraw = True
66.6456 	INFO 	Keyboard events cleared
66.6453 	EXP 	fixation: autoDraw = False
66.6453 	EXP 	grating: autoDraw = True
66.9453 	EXP 	grating: autoDraw = False
67.0145 	DATA 	Keypress: right
67.0288 	EXP 	fixation: autoDraw = False
67.0288 	EXP 	grating: autoDraw = False
67.0288 	EXP 	grating: ori = 9.0
67.0288 	EXP 	fixation: autoDraw = True
67.5290 	INFO 	Keyboard events cleared
67.5287 	EXP 	fixation: autoDraw = False
67.5287 	EXP 	grating: autoDraw = True
67.8283 	EXP 	grating: autoDraw = False
68.0301 	DATA 	Keypress: right
68.0452 	EXP 	fixation: autoDraw = False
68.0452 	EXP 	grating: autoDraw = False
68.0452 	EXP 	grating: ori = 9.0
68.0452 	EXP 	fixation: autoDraw = True
68.5291 	INFO 	Keyboard events cleared
68.5288 	EXP 	grating: autoDraw = True
68.5451 	EXP 	fixation: autoDraw = False
68.8282 	EXP 	grating: autoDraw = False
68.8965 	DATA 	Keypress: right
68.9117 	EXP 	fixation: autoDraw = False
68.9117 	EXP 	grating: autoDraw = False
68.9117 	EXP 	grating: ori = 9.0
68.9117 	EXP 	fixation: autoDraw = True
69.3955 	INFO 	Keyboard events cleared
69.3951 	EXP 	grating: autoDraw = True
69.4117 	EXP 	fixation: autoDraw = False
69.6949 	EXP 	grating: autoDraw = False
69.7132 	DATA 	Keypress: right
69.7283 	EXP 	fixation: autoDraw = False
69.7283 	EXP 	grating: autoDraw = False
69.7283 	EXP 	grating: ori = -8.5
69.7283 	EXP 	fixation: autoDraw = True
70.2120 	INFO 	Keyboard events cleared
70.2117 	EXP 	grating: autoDraw = True
70.2283 	EXP 	fixation: autoDraw = False
70.5117 	EXP 	grating: autoDraw = False
70.5632 	DATA 	Keypress: left
70.5785 	EXP 	fixation: autoDraw = False
70.5785 	EXP 	grating: autoDraw = False
70.5785 	EXP 	grating: ori = -8.5
70.5785 	EXP 	fixation: autoDraw = True
71.0621 	INFO 	Keyboard events cleared
71.0618 	EXP 	grating: autoDraw = True
71.0783 	EXP 	fixation: autoDraw = False
71.3299 	DATA 	Keypress: right
71.3449 	EXP 	fixation: autoDraw = False
71.3449 	EXP 	grating: autoDraw = False
71.3449 	EXP 	grating: ori = 9.0
71.3449 	EXP 	fixation: autoDraw = True
71.8285 	INFO 	Keyboard events cleared
71.8282 	EXP 	grating: autoDraw = True
71.8449 	EXP 	fixation: autoDraw = False
72.1283 	EXP 	grating: autoDraw = False
72.1630 	DATA 	Keypress: right
72.1781 	EXP 	fixation: autoDraw = False
72.1781 	EXP 	grating: autoDraw = False
72.1781 	EXP 	grating: ori = -9.0
72.1781 	EXP 	fixation: autoDraw = True
72.6619 	INFO 	Keyboard events cleared
72.6616 	EXP 	grating: autoDraw = True
72.6782 	EXP 	fixation: autoDraw = False
72.9614 	EXP 	grating: autoDraw = False
73.1299 	DATA 	Keypress: left
73.1447 	EXP 	fixation: autoDraw = False
73.1447 	EXP 	grating: autoDraw = False
73.1447 	EXP 	grating: ori = 9.0
73.1447 	EXP 	fixation: autoDraw = True
73.6284 	INFO 	Keyboard events cleared
73.6280 	EXP 	grating: autoDraw = True
73.6449 	EXP 	fixation: autoDraw = False
73.9279 	EXP 	grating: autoDraw = False
74.0298 	DATA 	Keypress: right
74.0447 	EXP 	fixation: autoDraw = False
74.0447 	EXP 	grating: autoDraw = False
74.0447 	EXP 	grating: ori = 8.5
74.0447 	EXP 	fixation: autoDraw = True
74.5284 	INFO 	Keyboard events cleared
74.5281 	EXP 	grating: autoDraw = True
74.5449 	EXP 	fixation: autoDraw = False
74.8281 	EXP 	grating: autoDraw = False
74.9464 	DATA 	Keypress: left
74.9613 	EXP 	fixation: autoDraw = False
74.9613 	EXP 	grating: autoDraw = False
74.9613 	EXP 	grating: ori = -9.0
74.9613 	EXP 	fixation: autoDraw = True
75.4453 	INFO 	Keyboard events cleared
75.4449 	EXP 	grating: autoDraw = True
75.4613 	EXP 	fixation: autoDraw = False
75.7445 	EXP 	grating: autoDraw = False
75.7463 	DATA 	Keypress: right
75.7614 	EXP 	fixation: autoDraw = False
75.7614 	EXP 	grating: autoDraw = False
75.7614 	EXP 	grating: ori = -9.5
75.7614 	EXP 	fixation: autoDraw = True
76.2452 	INFO 	Keyboard events cleared
76.2448 	EXP 	grating: autoDraw = True
76.2615 	EXP 	fixation: autoDraw = False
76.5445 	EXP 	grating: autoDraw = False
76.6959 	DATA 	Keypress: right
76.7112 	EXP 	fixation: autoDraw = False
76.7112 	EXP 	grating: autoDraw = False
76.7112 	EXP 	grating: ori = -10.0
76.7112 	EXP 	fixation: autoDraw = True
77.1949 	INFO 	Keyboard events cleared
77.1945 	EXP 	grating: autoDraw = True
77.2114 	EXP 	fixation: autoDraw = False
77.4945 	EXP 	grating: autoDraw = False
77.6460 	DATA 	Keypress: left
77.6613 	EXP 	fixation: autoDraw = False
77.6613 	EXP 	grating: autoDraw = False
77.6613 	EXP 	grating: ori = -10.0
77.6613 	EXP 	fixation: autoDraw = True
78.1450 	INFO 	Keyboard events cleared
78.1447 	EXP 	grating: autoDraw = True
78.1613 	EXP 	fixation: autoDraw = False
78.4444 	EXP 	grating: autoDraw = False
78.5298 	DATA 	Keypress: left
78.5445 	EXP 	fixation: autoDraw = False
78.5445 	EXP 	grating: autoDraw = False
78.5445 	EXP 	grating: ori = -10.0
78.5445 	EXP 	fixation: autoDraw = True
79.0282 	INFO 	Keyboard events cleared
79.0278 	EXP 	grating: autoDraw = True
79.0445 	EXP 	fixation: autoDraw = False
79.3276 	EXP 	grating: autoDraw = False
79.3627 	DATA 	Keypress: left
79.3777 	EXP 	fixation: autoDraw = False
79.3777 	EXP 	grating: autoDraw = False
79.3777 	EXP 	grating: ori = 9.5
79.3777 	EXP 	fixation: autoDraw = True
79.8615 	INFO 	Keyboard events cleared
79.8611 	EXP 	grating: autoDraw = True
79.8778 	EXP 	fixation: autoDraw = False
80.1610 	EXP 	grating: autoDraw = False
80.3294 	DATA 	Keypress: right
80.3443 	EXP 	fixation: autoDraw = False
80.3443 	EXP 	grating: autoDraw = False
80.3443 	EXP 	grating: ori = 9.5
80.3443 	EXP 	fixation: autoDraw = True
80.8280 	INFO 	Keyboard events cleared
80.8277 	EXP 	grating: autoDraw = True
80.8445 	EXP 	fixation: autoDraw = False
81.1276 	EXP 	grating: autoDraw = False
81.1792 	DATA 	Keypress: right
81.1945 	EXP 	fixation: autoDraw = False
81.1945 	EXP 	grating: autoDraw = False
81.1945 	EXP 	grating: ori = -9.5
81.1945 	EXP 	fixation: autoDraw = True
81.6779 	INFO 	Keyboard events cleared
81.6776 	EXP 	grating: autoDraw = True
81.6943 	EXP 	fixation: autoDraw = False
81.9775 	EXP 	grating: autoDraw = False
82.0790 	DATA 	Keypress: left
82.1111 	EXP 	fixation: autoDraw = False
82.1111 	EXP 	grating: autoDraw = False
82.1111 	EXP 	grating: ori = -9.0
82.1111 	EXP 	fixation: autoDraw = True
82.5946 	INFO 	Keyboard events cleared
82.5943 	EXP 	grating: autoDraw = True
82.6110 	EXP 	fixation: autoDraw = False
82.8941 	EXP 	grating: autoDraw = False
82.9792 	DATA 	Keypress: left
82.9943 	EXP 	fixation: autoDraw = False
82.9943 	EXP 	grating: autoDraw = False
82.9943 	EXP 	grating: ori = 9.0
82.9943 	EXP 	fixation: autoDraw = True
83.4780 	INFO 	Keyboard events cleared
83.4777 	EXP 	grating: autoDraw = True
83.4944 	EXP 	fixation: autoDraw = False
83.7629 	DATA 	Keypress: right
83.7775 	EXP 	grating: autoDraw = False
83.7775 	EXP 	fixation: autoDraw = False
83.7775 	EXP 	grating: autoDraw = False
83.7775 	EXP 	grating: ori = 9.0
83.7775 	EXP 	fixation: autoDraw = True
84.2778 	INFO 	Keyboard events cleared
84.2775 	EXP 	fixation: autoDraw = False
84.2775 	EXP 	grating: autoDraw = True
84.5776 	EXP 	grating: autoDraw = False
84.5792 	DATA 	Keypress: right
84.5940 	EXP 	fixation: autoDraw = False
84.5940 	EXP 	grating: autoDraw = False
84.5940 	EXP 	grating: ori = -8.5
84.5940 	EXP 	fixation: autoDraw = True
85.0946 	INFO 	Keyboard events cleared
85.0943 	EXP 	fixation: autoDraw = False
85.0943 	EXP 	grating: autoDraw = True
85.3789 	DATA 	Keypress: left
85.3942 	EXP 	grating: autoDraw = False
85.3942 	EXP 	fixation: autoDraw = False
85.3942 	EXP 	grating: autoDraw = False
85.3942 	EXP 	grating: ori = -8.5
85.3942 	EXP 	fixation: autoDraw = True
85.8777 	INFO 	Keyboard events cleared
85.8774 	EXP 	grating: autoDraw = True
85.8941 	EXP 	fixation: autoDraw = False
86.1773 	EXP 	grating: autoDraw = False
86.2123 	DATA 	Keypress: left
86.2273 	EXP 	fixation: autoDraw = False
86.2273 	EXP 	grating: autoDraw = False
86.2273 	EXP 	grating: ori = 8.5
86.2273 	EXP 	fixation: autoDraw = True
86.7111 	INFO 	Keyboard events cleared
86.7107 	EXP 	grating: autoDraw = True
86.7275 	EXP 	fixation: autoDraw = False
86.9787 	DATA 	Keypress: right
86.9939 	EXP 	fixation: autoDraw = False
86.9939 	EXP 	grating: autoDraw = False
86.9940 	EXP 	1: status = STOPPED
88.7896 	INFO 	saved data to 'D:\\Users\\LENOVO\\Desktop\\AU\\MONSOON SEM 2024\\LAB\\data/931053_1_2024-09-12_19h24.15.950.csv'
88.7952 	INFO 	saved data to D:\Users\LENOVO\Desktop\AU\MONSOON SEM 2024\LAB\data/931053_1_2024-09-12_19h24.15.950.psydat
88.7957 	DATA 	Keypress: right
88.8420 	EXP 	window1: mouseVisible = True
